-------------------------------------------------------------------------------
Test set: com.tus.musicapp.test.karate.TestMusicEndpoints
-------------------------------------------------------------------------------
Tests run: 1, Failures: 0, Errors: 1, Skipped: 0, Time elapsed: 0.008 s <<< FAILURE! - in com.tus.musicapp.test.karate.TestMusicEndpoints
testMusicEndpoints  Time elapsed: 0.008 s  <<< ERROR!
java.lang.RuntimeException: not found: com/tus/musicapp/test/karate/saveSong.feature

