<?xml version="1.0" encoding="UTF-8"?>
<testsuite xmlns:xsi="http://www.w3.org/2001/XMLSchema-instance" xsi:noNamespaceSchemaLocation="https://maven.apache.org/surefire/maven-surefire-plugin/xsd/surefire-test-report.xsd" name="com.tus.musicapp.test.selenium.SpotifyConnectionTest" time="16.564" tests="1" errors="1" skipped="0" failures="0">
  <properties>
[...]
</properties>
  <testcase name="testLoginAndSpotifyIntegration" classname="com.tus.musicapp.test.selenium.SpotifyConnectionTest" time="16.563">
    <error message="Expected condition failed: waiting for element to be clickable: By.cssSelector: img[src=&apos;https://i.scdn.co/image/ab67616d00001e02638404f3498c5c96c220cbf8&apos;] (tried for 15 second(s) with 500 milliseconds interval)&#10;Build info: version: &apos;4.1.4&apos;, revision: &apos;535d840ee2&apos;&#10;System info: host: &apos;DESKTOP-KVLT&apos;, ip: &apos;192.168.56.1&apos;, os.name: &apos;Windows 10&apos;, os.arch: &apos;amd64&apos;, os.version: &apos;10.0&apos;, java.version: &apos;17.0.12&apos;&#10;Driver info: org.openqa.selenium.chrome.ChromeDriver&#10;Capabilities {acceptInsecureCerts: false, browserName: chrome, browserVersion: 134.0.6998.118, chrome: {chromedriverVersion: 134.0.6998.165 (fd886e2cb29..., userDataDir: C:\Program Files\Git\repos\...}, fedcm:accounts: true, goog:chromeOptions: {debuggerAddress: localhost:54907}, javascriptEnabled: true, networkConnectionEnabled: false, pageLoadStrategy: normal, platform: WINDOWS, platformName: WINDOWS, proxy: Proxy(), se:cdp: ws://localhost:54907/devtoo..., se:cdpVersion: 134.0.6998.118, setWindowRect: true, strictFileInteractability: false, timeouts: {implicit: 0, pageLoad: 300000, script: 30000}, unhandledPromptBehavior: dismiss and notify, webauthn:extension:credBlob: true, webauthn:extension:largeBlob: true, webauthn:extension:minPinLength: true, webauthn:extension:prf: true, webauthn:virtualAuthenticators: true}&#10;Session ID: f66d4f005437434277d193fbb48b359c" type="org.openqa.selenium.TimeoutException">org.openqa.selenium.TimeoutException: 
Expected condition failed: waiting for element to be clickable: By.cssSelector: img[src='https://i.scdn.co/image/ab67616d00001e02638404f3498c5c96c220cbf8'] (tried for 15 second(s) with 500 milliseconds interval)
Build info: version: '4.1.4', revision: '535d840ee2'
System info: host: 'DESKTOP-KVLT', ip: '192.168.56.1', os.name: 'Windows 10', os.arch: 'amd64', os.version: '10.0', java.version: '17.0.12'
Driver info: org.openqa.selenium.chrome.ChromeDriver
Capabilities {acceptInsecureCerts: false, browserName: chrome, browserVersion: 134.0.6998.118, chrome: {chromedriverVersion: 134.0.6998.165 (fd886e2cb29..., userDataDir: C:\Program Files\Git\repos\...}, fedcm:accounts: true, goog:chromeOptions: {debuggerAddress: localhost:54907}, javascriptEnabled: true, networkConnectionEnabled: false, pageLoadStrategy: normal, platform: WINDOWS, platformName: WINDOWS, proxy: Proxy(), se:cdp: ws://localhost:54907/devtoo..., se:cdpVersion: 134.0.6998.118, setWindowRect: true, strictFileInteractability: false, timeouts: {implicit: 0, pageLoad: 300000, script: 30000}, unhandledPromptBehavior: dismiss and notify, webauthn:extension:credBlob: true, webauthn:extension:largeBlob: true, webauthn:extension:minPinLength: true, webauthn:extension:prf: true, webauthn:virtualAuthenticators: true}
Session ID: f66d4f005437434277d193fbb48b359c
	at com.tus.musicapp.test.selenium.SpotifyConnectionTest.testLoginAndSpotifyIntegration(SpotifyConnectionTest.java:47)
</error>
    <system-out><![CDATA[01:14:09.310 [main] DEBUG io.github.bonigarcia.wdm.WebDriverManager - Using WebDriverManager 5.7.0
01:14:09.327 [main] DEBUG io.github.bonigarcia.wdm.cache.ResolutionCache - Resolution chrome=134 in cache (valid until 02:13:53 25/03/2025 GMT)
01:14:09.328 [main] DEBUG io.github.bonigarcia.wdm.cache.ResolutionCache - Resolution chrome134=134.0.6998.165 in cache (valid until 01:13:53 26/03/2025 GMT)
01:14:09.328 [main] INFO io.github.bonigarcia.wdm.WebDriverManager - Using chromedriver 134.0.6998.165 (resolved driver for Chrome 134)
01:14:09.339 [main] DEBUG io.github.bonigarcia.wdm.WebDriverManager - Driver chromedriver 134.0.6998.165 found in cache
01:14:09.346 [main] INFO io.github.bonigarcia.wdm.WebDriverManager - Exporting webdriver.chrome.driver as C:\Users\ohsev\.cache\selenium\chromedriver\win64\134.0.6998.165\chromedriver.exe
01:14:09.752 [AsyncHttpClient-1-8] DEBUG org.asynchttpclient.netty.channel.NettyConnectListener - Using new Channel '[id: 0x71b46359, L:/127.0.0.1:54902 - R:localhost/127.0.0.1:57162]' for 'POST' to '/session'
01:14:09.945 [AsyncHttpClient-1-1] DEBUG org.asynchttpclient.netty.channel.DefaultChannelPool - Entry count for : http://localhost:63463 : 1
01:14:09.945 [AsyncHttpClient-1-1] DEBUG org.asynchttpclient.netty.channel.DefaultChannelPool - Entry count for : http://localhost:54790 : 1
01:14:09.945 [AsyncHttpClient-1-1] DEBUG org.asynchttpclient.netty.channel.DefaultChannelPool - Adding Candidate expired Channel [id: 0x2c8c1205, L:/127.0.0.1:54782 ! R:localhost/127.0.0.1:63463] isIdleTimeoutExpired=false isRemotelyClosed=true isTtlExpired=false
01:14:09.945 [AsyncHttpClient-1-1] DEBUG org.asynchttpclient.netty.channel.DefaultChannelPool - Closing Idle Channel [id: 0x2c8c1205, L:/127.0.0.1:54782 ! R:localhost/127.0.0.1:63463]
01:14:09.945 [AsyncHttpClient-1-1] DEBUG org.asynchttpclient.netty.channel.DefaultChannelPool - Adding Candidate expired Channel [id: 0x34272939, L:/127.0.0.1:54800 ! R:localhost/127.0.0.1:54790] isIdleTimeoutExpired=false isRemotelyClosed=true isTtlExpired=false
01:14:09.945 [AsyncHttpClient-1-1] DEBUG org.asynchttpclient.netty.channel.DefaultChannelPool - Closing Idle Channel [id: 0x34272939, L:/127.0.0.1:54800 ! R:localhost/127.0.0.1:54790]
01:14:09.945 [AsyncHttpClient-1-1] DEBUG org.asynchttpclient.netty.channel.DefaultChannelPool - Closed 2 connections out of 2 in 0 ms
01:14:11.100 [AsyncHttpClient-1-8] DEBUG org.asynchttpclient.netty.handler.HttpHandler - 

Request DefaultHttpRequest(decodeResult: success, version: HTTP/1.1)
POST /session HTTP/1.1
User-Agent: selenium/4.1.4 (java windows)
Content-Length: 999
Content-Type: application/json; charset=utf-8
host: localhost:57162
accept: */*

Response DefaultHttpResponse(decodeResult: success, version: HTTP/1.1)
HTTP/1.1 200 OK
Content-Length: 921
Content-Type: application/json; charset=utf-8
cache-control: no-cache

01:14:11.100 [AsyncHttpClient-1-8] DEBUG org.asynchttpclient.netty.channel.ChannelManager - Adding key: http://localhost:57162 for channel [id: 0x71b46359, L:/127.0.0.1:54902 - R:localhost/127.0.0.1:57162]
01:14:11.177 [AsyncHttpClient-1-9] DEBUG org.asynchttpclient.netty.channel.NettyConnectListener - Using new Channel '[id: 0x578661f3, L:/127.0.0.1:54920 - R:localhost/127.0.0.1:54907]' for 'GET' to '/json/version'
01:14:11.184 [AsyncHttpClient-1-9] DEBUG org.asynchttpclient.netty.handler.HttpHandler - 

Request DefaultFullHttpRequest(decodeResult: success, version: HTTP/1.1, content: EmptyByteBufBE)
GET /json/version HTTP/1.1
User-Agent: selenium/4.1.4 (java windows)
host: localhost:54907
accept: */*

Response DefaultHttpResponse(decodeResult: success, version: HTTP/1.1)
HTTP/1.1 200 OK
Content-Security-Policy: frame-ancestors 'none'
Content-Length: 424
Content-Type: application/json; charset=UTF-8

01:14:11.185 [AsyncHttpClient-1-9] DEBUG org.asynchttpclient.netty.channel.ChannelManager - Adding key: http://localhost:54907 for channel [id: 0x578661f3, L:/127.0.0.1:54920 - R:localhost/127.0.0.1:54907]
01:14:11.220 [AsyncHttpClient-1-2] DEBUG org.asynchttpclient.netty.channel.NettyConnectListener - Using new Channel '[id: 0x9ef009cc, L:/127.0.0.1:54921 - R:localhost/127.0.0.1:54907]' for 'GET' to '/devtools/browser/d5b4a843-e0ca-4ba9-8e52-255f7c22e9bf'
01:14:11.222 [AsyncHttpClient-1-2] DEBUG org.asynchttpclient.netty.handler.WebSocketHandler - 

Request DefaultFullHttpRequest(decodeResult: success, version: HTTP/1.1, content: EmptyByteBufBE)
GET /devtools/browser/d5b4a843-e0ca-4ba9-8e52-255f7c22e9bf HTTP/1.1
upgrade: websocket
connection: upgrade
sec-websocket-key: 70zx5sa0Es2u+aNr5PpfCg==
sec-websocket-version: 13
origin: http://localhost:54907
host: localhost:54907
accept: */*
user-agent: AHC/2.1

Response DefaultHttpResponse(decodeResult: success, version: HTTP/1.1)
HTTP/1.1 101 WebSocket Protocol Handshake
Upgrade: WebSocket
Connection: Upgrade
Sec-WebSocket-Accept: /kpCZGDYw05oFBkboQ8U9LvgqME=

01:14:11.228 [Forwarding get on session f66d4f005437434277d193fbb48b359c to remote] DEBUG org.asynchttpclient.netty.request.NettyRequestSender - Using pooled Channel '[id: 0x71b46359, L:/127.0.0.1:54902 - R:localhost/127.0.0.1:57162]' for 'POST' to 'http://localhost:57162/session/f66d4f005437434277d193fbb48b359c/url'
01:14:11.229 [Forwarding get on session f66d4f005437434277d193fbb48b359c to remote] DEBUG org.asynchttpclient.netty.request.NettyRequestSender - Using open Channel [id: 0x71b46359, L:/127.0.0.1:54902 - R:localhost/127.0.0.1:57162] for POST '/session/f66d4f005437434277d193fbb48b359c/url'
01:14:11.633 [AsyncHttpClient-1-8] DEBUG org.asynchttpclient.netty.handler.HttpHandler - 

Request DefaultHttpRequest(decodeResult: success, version: HTTP/1.1)
POST /session/f66d4f005437434277d193fbb48b359c/url HTTP/1.1
User-Agent: selenium/4.1.4 (java windows)
Content-Length: 52
Content-Type: application/json; charset=utf-8
host: localhost:57162
accept: */*

Response DefaultHttpResponse(decodeResult: success, version: HTTP/1.1)
HTTP/1.1 200 OK
Content-Length: 14
Content-Type: application/json; charset=utf-8
cache-control: no-cache

01:14:11.633 [AsyncHttpClient-1-8] DEBUG org.asynchttpclient.netty.channel.ChannelManager - Adding key: http://localhost:57162 for channel [id: 0x71b46359, L:/127.0.0.1:54902 - R:localhost/127.0.0.1:57162]
01:14:11.638 [Forwarding findElement on session f66d4f005437434277d193fbb48b359c to remote] DEBUG org.asynchttpclient.netty.request.NettyRequestSender - Using pooled Channel '[id: 0x71b46359, L:/127.0.0.1:54902 - R:localhost/127.0.0.1:57162]' for 'POST' to 'http://localhost:57162/session/f66d4f005437434277d193fbb48b359c/element'
01:14:11.638 [Forwarding findElement on session f66d4f005437434277d193fbb48b359c to remote] DEBUG org.asynchttpclient.netty.request.NettyRequestSender - Using open Channel [id: 0x71b46359, L:/127.0.0.1:54902 - R:localhost/127.0.0.1:57162] for POST '/session/f66d4f005437434277d193fbb48b359c/element'
01:14:11.663 [AsyncHttpClient-1-8] DEBUG org.asynchttpclient.netty.handler.HttpHandler - 

Request DefaultHttpRequest(decodeResult: success, version: HTTP/1.1)
POST /session/f66d4f005437434277d193fbb48b359c/element HTTP/1.1
User-Agent: selenium/4.1.4 (java windows)
Content-Length: 139
Content-Type: application/json; charset=utf-8
host: localhost:57162
accept: */*

Response DefaultHttpResponse(decodeResult: success, version: HTTP/1.1)
HTTP/1.1 404 Not Found
Content-Length: 1118
Content-Type: application/json; charset=utf-8
cache-control: no-cache

01:14:11.663 [AsyncHttpClient-1-8] DEBUG org.asynchttpclient.netty.channel.ChannelManager - Adding key: http://localhost:57162 for channel [id: 0x71b46359, L:/127.0.0.1:54902 - R:localhost/127.0.0.1:57162]
01:14:12.138 [AsyncHttpClient-1-1] DEBUG org.asynchttpclient.netty.channel.DefaultChannelPool - Entry count for : http://localhost:57162 : 1
01:14:12.138 [AsyncHttpClient-1-1] DEBUG org.asynchttpclient.netty.channel.DefaultChannelPool - Entry count for : http://localhost:54907 : 1
01:14:12.178 [Forwarding findElement on session f66d4f005437434277d193fbb48b359c to remote] DEBUG org.asynchttpclient.netty.request.NettyRequestSender - Using pooled Channel '[id: 0x71b46359, L:/127.0.0.1:54902 - R:localhost/127.0.0.1:57162]' for 'POST' to 'http://localhost:57162/session/f66d4f005437434277d193fbb48b359c/element'
01:14:12.178 [Forwarding findElement on session f66d4f005437434277d193fbb48b359c to remote] DEBUG org.asynchttpclient.netty.request.NettyRequestSender - Using open Channel [id: 0x71b46359, L:/127.0.0.1:54902 - R:localhost/127.0.0.1:57162] for POST '/session/f66d4f005437434277d193fbb48b359c/element'
01:14:12.204 [AsyncHttpClient-1-8] DEBUG org.asynchttpclient.netty.handler.HttpHandler - 

Request DefaultHttpRequest(decodeResult: success, version: HTTP/1.1)
POST /session/f66d4f005437434277d193fbb48b359c/element HTTP/1.1
User-Agent: selenium/4.1.4 (java windows)
Content-Length: 139
Content-Type: application/json; charset=utf-8
host: localhost:57162
accept: */*

Response DefaultHttpResponse(decodeResult: success, version: HTTP/1.1)
HTTP/1.1 404 Not Found
Content-Length: 1118
Content-Type: application/json; charset=utf-8
cache-control: no-cache

01:14:12.204 [AsyncHttpClient-1-8] DEBUG org.asynchttpclient.netty.channel.ChannelManager - Adding key: http://localhost:57162 for channel [id: 0x71b46359, L:/127.0.0.1:54902 - R:localhost/127.0.0.1:57162]
01:14:12.722 [Forwarding findElement on session f66d4f005437434277d193fbb48b359c to remote] DEBUG org.asynchttpclient.netty.request.NettyRequestSender - Using pooled Channel '[id: 0x71b46359, L:/127.0.0.1:54902 - R:localhost/127.0.0.1:57162]' for 'POST' to 'http://localhost:57162/session/f66d4f005437434277d193fbb48b359c/element'
01:14:12.722 [Forwarding findElement on session f66d4f005437434277d193fbb48b359c to remote] DEBUG org.asynchttpclient.netty.request.NettyRequestSender - Using open Channel [id: 0x71b46359, L:/127.0.0.1:54902 - R:localhost/127.0.0.1:57162] for POST '/session/f66d4f005437434277d193fbb48b359c/element'
01:14:12.730 [AsyncHttpClient-1-8] DEBUG org.asynchttpclient.netty.handler.HttpHandler - 

Request DefaultHttpRequest(decodeResult: success, version: HTTP/1.1)
POST /session/f66d4f005437434277d193fbb48b359c/element HTTP/1.1
User-Agent: selenium/4.1.4 (java windows)
Content-Length: 139
Content-Type: application/json; charset=utf-8
host: localhost:57162
accept: */*

Response DefaultHttpResponse(decodeResult: success, version: HTTP/1.1)
HTTP/1.1 404 Not Found
Content-Length: 1118
Content-Type: application/json; charset=utf-8
cache-control: no-cache

01:14:12.730 [AsyncHttpClient-1-8] DEBUG org.asynchttpclient.netty.channel.ChannelManager - Adding key: http://localhost:57162 for channel [id: 0x71b46359, L:/127.0.0.1:54902 - R:localhost/127.0.0.1:57162]
01:14:13.235 [Forwarding findElement on session f66d4f005437434277d193fbb48b359c to remote] DEBUG org.asynchttpclient.netty.request.NettyRequestSender - Using pooled Channel '[id: 0x71b46359, L:/127.0.0.1:54902 - R:localhost/127.0.0.1:57162]' for 'POST' to 'http://localhost:57162/session/f66d4f005437434277d193fbb48b359c/element'
01:14:13.235 [Forwarding findElement on session f66d4f005437434277d193fbb48b359c to remote] DEBUG org.asynchttpclient.netty.request.NettyRequestSender - Using open Channel [id: 0x71b46359, L:/127.0.0.1:54902 - R:localhost/127.0.0.1:57162] for POST '/session/f66d4f005437434277d193fbb48b359c/element'
01:14:13.239 [AsyncHttpClient-1-1] DEBUG org.asynchttpclient.netty.channel.DefaultChannelPool - Entry count for : http://localhost:54907 : 1
01:14:13.261 [AsyncHttpClient-1-8] DEBUG org.asynchttpclient.netty.handler.HttpHandler - 

Request DefaultHttpRequest(decodeResult: success, version: HTTP/1.1)
POST /session/f66d4f005437434277d193fbb48b359c/element HTTP/1.1
User-Agent: selenium/4.1.4 (java windows)
Content-Length: 139
Content-Type: application/json; charset=utf-8
host: localhost:57162
accept: */*

Response DefaultHttpResponse(decodeResult: success, version: HTTP/1.1)
HTTP/1.1 404 Not Found
Content-Length: 1118
Content-Type: application/json; charset=utf-8
cache-control: no-cache

01:14:13.262 [AsyncHttpClient-1-8] DEBUG org.asynchttpclient.netty.channel.ChannelManager - Adding key: http://localhost:57162 for channel [id: 0x71b46359, L:/127.0.0.1:54902 - R:localhost/127.0.0.1:57162]
01:14:13.780 [Forwarding findElement on session f66d4f005437434277d193fbb48b359c to remote] DEBUG org.asynchttpclient.netty.request.NettyRequestSender - Using pooled Channel '[id: 0x71b46359, L:/127.0.0.1:54902 - R:localhost/127.0.0.1:57162]' for 'POST' to 'http://localhost:57162/session/f66d4f005437434277d193fbb48b359c/element'
01:14:13.781 [Forwarding findElement on session f66d4f005437434277d193fbb48b359c to remote] DEBUG org.asynchttpclient.netty.request.NettyRequestSender - Using open Channel [id: 0x71b46359, L:/127.0.0.1:54902 - R:localhost/127.0.0.1:57162] for POST '/session/f66d4f005437434277d193fbb48b359c/element'
01:14:13.787 [AsyncHttpClient-1-8] DEBUG org.asynchttpclient.netty.handler.HttpHandler - 

Request DefaultHttpRequest(decodeResult: success, version: HTTP/1.1)
POST /session/f66d4f005437434277d193fbb48b359c/element HTTP/1.1
User-Agent: selenium/4.1.4 (java windows)
Content-Length: 139
Content-Type: application/json; charset=utf-8
host: localhost:57162
accept: */*

Response DefaultHttpResponse(decodeResult: success, version: HTTP/1.1)
HTTP/1.1 404 Not Found
Content-Length: 1118
Content-Type: application/json; charset=utf-8
cache-control: no-cache

01:14:13.787 [AsyncHttpClient-1-8] DEBUG org.asynchttpclient.netty.channel.ChannelManager - Adding key: http://localhost:57162 for channel [id: 0x71b46359, L:/127.0.0.1:54902 - R:localhost/127.0.0.1:57162]
01:14:14.299 [Forwarding findElement on session f66d4f005437434277d193fbb48b359c to remote] DEBUG org.asynchttpclient.netty.request.NettyRequestSender - Using pooled Channel '[id: 0x71b46359, L:/127.0.0.1:54902 - R:localhost/127.0.0.1:57162]' for 'POST' to 'http://localhost:57162/session/f66d4f005437434277d193fbb48b359c/element'
01:14:14.299 [Forwarding findElement on session f66d4f005437434277d193fbb48b359c to remote] DEBUG org.asynchttpclient.netty.request.NettyRequestSender - Using open Channel [id: 0x71b46359, L:/127.0.0.1:54902 - R:localhost/127.0.0.1:57162] for POST '/session/f66d4f005437434277d193fbb48b359c/element'
01:14:14.320 [AsyncHttpClient-1-8] DEBUG org.asynchttpclient.netty.handler.HttpHandler - 

Request DefaultHttpRequest(decodeResult: success, version: HTTP/1.1)
POST /session/f66d4f005437434277d193fbb48b359c/element HTTP/1.1
User-Agent: selenium/4.1.4 (java windows)
Content-Length: 139
Content-Type: application/json; charset=utf-8
host: localhost:57162
accept: */*

Response DefaultHttpResponse(decodeResult: success, version: HTTP/1.1)
HTTP/1.1 404 Not Found
Content-Length: 1118
Content-Type: application/json; charset=utf-8
cache-control: no-cache

01:14:14.321 [AsyncHttpClient-1-8] DEBUG org.asynchttpclient.netty.channel.ChannelManager - Adding key: http://localhost:57162 for channel [id: 0x71b46359, L:/127.0.0.1:54902 - R:localhost/127.0.0.1:57162]
01:14:14.344 [AsyncHttpClient-1-1] DEBUG org.asynchttpclient.netty.channel.DefaultChannelPool - Entry count for : http://localhost:57162 : 1
01:14:14.344 [AsyncHttpClient-1-1] DEBUG org.asynchttpclient.netty.channel.DefaultChannelPool - Entry count for : http://localhost:54907 : 1
01:14:14.827 [Forwarding findElement on session f66d4f005437434277d193fbb48b359c to remote] DEBUG org.asynchttpclient.netty.request.NettyRequestSender - Using pooled Channel '[id: 0x71b46359, L:/127.0.0.1:54902 - R:localhost/127.0.0.1:57162]' for 'POST' to 'http://localhost:57162/session/f66d4f005437434277d193fbb48b359c/element'
01:14:14.828 [Forwarding findElement on session f66d4f005437434277d193fbb48b359c to remote] DEBUG org.asynchttpclient.netty.request.NettyRequestSender - Using open Channel [id: 0x71b46359, L:/127.0.0.1:54902 - R:localhost/127.0.0.1:57162] for POST '/session/f66d4f005437434277d193fbb48b359c/element'
01:14:14.853 [AsyncHttpClient-1-8] DEBUG org.asynchttpclient.netty.handler.HttpHandler - 

Request DefaultHttpRequest(decodeResult: success, version: HTTP/1.1)
POST /session/f66d4f005437434277d193fbb48b359c/element HTTP/1.1
User-Agent: selenium/4.1.4 (java windows)
Content-Length: 139
Content-Type: application/json; charset=utf-8
host: localhost:57162
accept: */*

Response DefaultHttpResponse(decodeResult: success, version: HTTP/1.1)
HTTP/1.1 404 Not Found
Content-Length: 1118
Content-Type: application/json; charset=utf-8
cache-control: no-cache

01:14:14.854 [AsyncHttpClient-1-8] DEBUG org.asynchttpclient.netty.channel.ChannelManager - Adding key: http://localhost:57162 for channel [id: 0x71b46359, L:/127.0.0.1:54902 - R:localhost/127.0.0.1:57162]
01:14:15.357 [Forwarding findElement on session f66d4f005437434277d193fbb48b359c to remote] DEBUG org.asynchttpclient.netty.request.NettyRequestSender - Using pooled Channel '[id: 0x71b46359, L:/127.0.0.1:54902 - R:localhost/127.0.0.1:57162]' for 'POST' to 'http://localhost:57162/session/f66d4f005437434277d193fbb48b359c/element'
01:14:15.357 [Forwarding findElement on session f66d4f005437434277d193fbb48b359c to remote] DEBUG org.asynchttpclient.netty.request.NettyRequestSender - Using open Channel [id: 0x71b46359, L:/127.0.0.1:54902 - R:localhost/127.0.0.1:57162] for POST '/session/f66d4f005437434277d193fbb48b359c/element'
01:14:15.367 [AsyncHttpClient-1-8] DEBUG org.asynchttpclient.netty.handler.HttpHandler - 

Request DefaultHttpRequest(decodeResult: success, version: HTTP/1.1)
POST /session/f66d4f005437434277d193fbb48b359c/element HTTP/1.1
User-Agent: selenium/4.1.4 (java windows)
Content-Length: 139
Content-Type: application/json; charset=utf-8
host: localhost:57162
accept: */*

Response DefaultHttpResponse(decodeResult: success, version: HTTP/1.1)
HTTP/1.1 404 Not Found
Content-Length: 1118
Content-Type: application/json; charset=utf-8
cache-control: no-cache

01:14:15.368 [AsyncHttpClient-1-8] DEBUG org.asynchttpclient.netty.channel.ChannelManager - Adding key: http://localhost:57162 for channel [id: 0x71b46359, L:/127.0.0.1:54902 - R:localhost/127.0.0.1:57162]
01:14:15.439 [AsyncHttpClient-1-1] DEBUG org.asynchttpclient.netty.channel.DefaultChannelPool - Entry count for : http://localhost:57162 : 1
01:14:15.439 [AsyncHttpClient-1-1] DEBUG org.asynchttpclient.netty.channel.DefaultChannelPool - Entry count for : http://localhost:54907 : 1
01:14:15.886 [Forwarding findElement on session f66d4f005437434277d193fbb48b359c to remote] DEBUG org.asynchttpclient.netty.request.NettyRequestSender - Using pooled Channel '[id: 0x71b46359, L:/127.0.0.1:54902 - R:localhost/127.0.0.1:57162]' for 'POST' to 'http://localhost:57162/session/f66d4f005437434277d193fbb48b359c/element'
01:14:15.887 [Forwarding findElement on session f66d4f005437434277d193fbb48b359c to remote] DEBUG org.asynchttpclient.netty.request.NettyRequestSender - Using open Channel [id: 0x71b46359, L:/127.0.0.1:54902 - R:localhost/127.0.0.1:57162] for POST '/session/f66d4f005437434277d193fbb48b359c/element'
01:14:15.913 [AsyncHttpClient-1-8] DEBUG org.asynchttpclient.netty.handler.HttpHandler - 

Request DefaultHttpRequest(decodeResult: success, version: HTTP/1.1)
POST /session/f66d4f005437434277d193fbb48b359c/element HTTP/1.1
User-Agent: selenium/4.1.4 (java windows)
Content-Length: 139
Content-Type: application/json; charset=utf-8
host: localhost:57162
accept: */*

Response DefaultHttpResponse(decodeResult: success, version: HTTP/1.1)
HTTP/1.1 404 Not Found
Content-Length: 1118
Content-Type: application/json; charset=utf-8
cache-control: no-cache

01:14:15.914 [AsyncHttpClient-1-8] DEBUG org.asynchttpclient.netty.channel.ChannelManager - Adding key: http://localhost:57162 for channel [id: 0x71b46359, L:/127.0.0.1:54902 - R:localhost/127.0.0.1:57162]
01:14:16.425 [Forwarding findElement on session f66d4f005437434277d193fbb48b359c to remote] DEBUG org.asynchttpclient.netty.request.NettyRequestSender - Using pooled Channel '[id: 0x71b46359, L:/127.0.0.1:54902 - R:localhost/127.0.0.1:57162]' for 'POST' to 'http://localhost:57162/session/f66d4f005437434277d193fbb48b359c/element'
01:14:16.425 [Forwarding findElement on session f66d4f005437434277d193fbb48b359c to remote] DEBUG org.asynchttpclient.netty.request.NettyRequestSender - Using open Channel [id: 0x71b46359, L:/127.0.0.1:54902 - R:localhost/127.0.0.1:57162] for POST '/session/f66d4f005437434277d193fbb48b359c/element'
01:14:16.447 [AsyncHttpClient-1-8] DEBUG org.asynchttpclient.netty.handler.HttpHandler - 

Request DefaultHttpRequest(decodeResult: success, version: HTTP/1.1)
POST /session/f66d4f005437434277d193fbb48b359c/element HTTP/1.1
User-Agent: selenium/4.1.4 (java windows)
Content-Length: 139
Content-Type: application/json; charset=utf-8
host: localhost:57162
accept: */*

Response DefaultHttpResponse(decodeResult: success, version: HTTP/1.1)
HTTP/1.1 404 Not Found
Content-Length: 1118
Content-Type: application/json; charset=utf-8
cache-control: no-cache

01:14:16.448 [AsyncHttpClient-1-8] DEBUG org.asynchttpclient.netty.channel.ChannelManager - Adding key: http://localhost:57162 for channel [id: 0x71b46359, L:/127.0.0.1:54902 - R:localhost/127.0.0.1:57162]
01:14:16.546 [AsyncHttpClient-1-1] DEBUG org.asynchttpclient.netty.channel.DefaultChannelPool - Entry count for : http://localhost:57162 : 1
01:14:16.546 [AsyncHttpClient-1-1] DEBUG org.asynchttpclient.netty.channel.DefaultChannelPool - Entry count for : http://localhost:54907 : 1
01:14:16.957 [Forwarding findElement on session f66d4f005437434277d193fbb48b359c to remote] DEBUG org.asynchttpclient.netty.request.NettyRequestSender - Using pooled Channel '[id: 0x71b46359, L:/127.0.0.1:54902 - R:localhost/127.0.0.1:57162]' for 'POST' to 'http://localhost:57162/session/f66d4f005437434277d193fbb48b359c/element'
01:14:16.957 [Forwarding findElement on session f66d4f005437434277d193fbb48b359c to remote] DEBUG org.asynchttpclient.netty.request.NettyRequestSender - Using open Channel [id: 0x71b46359, L:/127.0.0.1:54902 - R:localhost/127.0.0.1:57162] for POST '/session/f66d4f005437434277d193fbb48b359c/element'
01:14:16.967 [AsyncHttpClient-1-8] DEBUG org.asynchttpclient.netty.handler.HttpHandler - 

Request DefaultHttpRequest(decodeResult: success, version: HTTP/1.1)
POST /session/f66d4f005437434277d193fbb48b359c/element HTTP/1.1
User-Agent: selenium/4.1.4 (java windows)
Content-Length: 139
Content-Type: application/json; charset=utf-8
host: localhost:57162
accept: */*

Response DefaultHttpResponse(decodeResult: success, version: HTTP/1.1)
HTTP/1.1 404 Not Found
Content-Length: 1118
Content-Type: application/json; charset=utf-8
cache-control: no-cache

01:14:16.968 [AsyncHttpClient-1-8] DEBUG org.asynchttpclient.netty.channel.ChannelManager - Adding key: http://localhost:57162 for channel [id: 0x71b46359, L:/127.0.0.1:54902 - R:localhost/127.0.0.1:57162]
01:14:17.480 [Forwarding findElement on session f66d4f005437434277d193fbb48b359c to remote] DEBUG org.asynchttpclient.netty.request.NettyRequestSender - Using pooled Channel '[id: 0x71b46359, L:/127.0.0.1:54902 - R:localhost/127.0.0.1:57162]' for 'POST' to 'http://localhost:57162/session/f66d4f005437434277d193fbb48b359c/element'
01:14:17.480 [Forwarding findElement on session f66d4f005437434277d193fbb48b359c to remote] DEBUG org.asynchttpclient.netty.request.NettyRequestSender - Using open Channel [id: 0x71b46359, L:/127.0.0.1:54902 - R:localhost/127.0.0.1:57162] for POST '/session/f66d4f005437434277d193fbb48b359c/element'
01:14:17.501 [AsyncHttpClient-1-8] DEBUG org.asynchttpclient.netty.handler.HttpHandler - 

Request DefaultHttpRequest(decodeResult: success, version: HTTP/1.1)
POST /session/f66d4f005437434277d193fbb48b359c/element HTTP/1.1
User-Agent: selenium/4.1.4 (java windows)
Content-Length: 139
Content-Type: application/json; charset=utf-8
host: localhost:57162
accept: */*

Response DefaultHttpResponse(decodeResult: success, version: HTTP/1.1)
HTTP/1.1 404 Not Found
Content-Length: 1118
Content-Type: application/json; charset=utf-8
cache-control: no-cache

01:14:17.501 [AsyncHttpClient-1-8] DEBUG org.asynchttpclient.netty.channel.ChannelManager - Adding key: http://localhost:57162 for channel [id: 0x71b46359, L:/127.0.0.1:54902 - R:localhost/127.0.0.1:57162]
01:14:17.640 [AsyncHttpClient-1-1] DEBUG org.asynchttpclient.netty.channel.DefaultChannelPool - Entry count for : http://localhost:57162 : 1
01:14:17.640 [AsyncHttpClient-1-1] DEBUG org.asynchttpclient.netty.channel.DefaultChannelPool - Entry count for : http://localhost:54907 : 1
01:14:18.011 [Forwarding findElement on session f66d4f005437434277d193fbb48b359c to remote] DEBUG org.asynchttpclient.netty.request.NettyRequestSender - Using pooled Channel '[id: 0x71b46359, L:/127.0.0.1:54902 - R:localhost/127.0.0.1:57162]' for 'POST' to 'http://localhost:57162/session/f66d4f005437434277d193fbb48b359c/element'
01:14:18.011 [Forwarding findElement on session f66d4f005437434277d193fbb48b359c to remote] DEBUG org.asynchttpclient.netty.request.NettyRequestSender - Using open Channel [id: 0x71b46359, L:/127.0.0.1:54902 - R:localhost/127.0.0.1:57162] for POST '/session/f66d4f005437434277d193fbb48b359c/element'
01:14:18.019 [AsyncHttpClient-1-8] DEBUG org.asynchttpclient.netty.handler.HttpHandler - 

Request DefaultHttpRequest(decodeResult: success, version: HTTP/1.1)
POST /session/f66d4f005437434277d193fbb48b359c/element HTTP/1.1
User-Agent: selenium/4.1.4 (java windows)
Content-Length: 139
Content-Type: application/json; charset=utf-8
host: localhost:57162
accept: */*

Response DefaultHttpResponse(decodeResult: success, version: HTTP/1.1)
HTTP/1.1 404 Not Found
Content-Length: 1118
Content-Type: application/json; charset=utf-8
cache-control: no-cache

01:14:18.019 [AsyncHttpClient-1-8] DEBUG org.asynchttpclient.netty.channel.ChannelManager - Adding key: http://localhost:57162 for channel [id: 0x71b46359, L:/127.0.0.1:54902 - R:localhost/127.0.0.1:57162]
01:14:18.525 [Forwarding findElement on session f66d4f005437434277d193fbb48b359c to remote] DEBUG org.asynchttpclient.netty.request.NettyRequestSender - Using pooled Channel '[id: 0x71b46359, L:/127.0.0.1:54902 - R:localhost/127.0.0.1:57162]' for 'POST' to 'http://localhost:57162/session/f66d4f005437434277d193fbb48b359c/element'
01:14:18.525 [Forwarding findElement on session f66d4f005437434277d193fbb48b359c to remote] DEBUG org.asynchttpclient.netty.request.NettyRequestSender - Using open Channel [id: 0x71b46359, L:/127.0.0.1:54902 - R:localhost/127.0.0.1:57162] for POST '/session/f66d4f005437434277d193fbb48b359c/element'
01:14:18.560 [AsyncHttpClient-1-8] DEBUG org.asynchttpclient.netty.handler.HttpHandler - 

Request DefaultHttpRequest(decodeResult: success, version: HTTP/1.1)
POST /session/f66d4f005437434277d193fbb48b359c/element HTTP/1.1
User-Agent: selenium/4.1.4 (java windows)
Content-Length: 139
Content-Type: application/json; charset=utf-8
host: localhost:57162
accept: */*

Response DefaultHttpResponse(decodeResult: success, version: HTTP/1.1)
HTTP/1.1 404 Not Found
Content-Length: 1118
Content-Type: application/json; charset=utf-8
cache-control: no-cache

01:14:18.560 [AsyncHttpClient-1-8] DEBUG org.asynchttpclient.netty.channel.ChannelManager - Adding key: http://localhost:57162 for channel [id: 0x71b46359, L:/127.0.0.1:54902 - R:localhost/127.0.0.1:57162]
01:14:18.741 [AsyncHttpClient-1-1] DEBUG org.asynchttpclient.netty.channel.DefaultChannelPool - Entry count for : http://localhost:57162 : 1
01:14:18.741 [AsyncHttpClient-1-1] DEBUG org.asynchttpclient.netty.channel.DefaultChannelPool - Entry count for : http://localhost:54907 : 1
01:14:19.070 [Forwarding findElement on session f66d4f005437434277d193fbb48b359c to remote] DEBUG org.asynchttpclient.netty.request.NettyRequestSender - Using pooled Channel '[id: 0x71b46359, L:/127.0.0.1:54902 - R:localhost/127.0.0.1:57162]' for 'POST' to 'http://localhost:57162/session/f66d4f005437434277d193fbb48b359c/element'
01:14:19.070 [Forwarding findElement on session f66d4f005437434277d193fbb48b359c to remote] DEBUG org.asynchttpclient.netty.request.NettyRequestSender - Using open Channel [id: 0x71b46359, L:/127.0.0.1:54902 - R:localhost/127.0.0.1:57162] for POST '/session/f66d4f005437434277d193fbb48b359c/element'
01:14:19.101 [AsyncHttpClient-1-8] DEBUG org.asynchttpclient.netty.handler.HttpHandler - 

Request DefaultHttpRequest(decodeResult: success, version: HTTP/1.1)
POST /session/f66d4f005437434277d193fbb48b359c/element HTTP/1.1
User-Agent: selenium/4.1.4 (java windows)
Content-Length: 139
Content-Type: application/json; charset=utf-8
host: localhost:57162
accept: */*

Response DefaultHttpResponse(decodeResult: success, version: HTTP/1.1)
HTTP/1.1 404 Not Found
Content-Length: 1118
Content-Type: application/json; charset=utf-8
cache-control: no-cache

01:14:19.102 [AsyncHttpClient-1-8] DEBUG org.asynchttpclient.netty.channel.ChannelManager - Adding key: http://localhost:57162 for channel [id: 0x71b46359, L:/127.0.0.1:54902 - R:localhost/127.0.0.1:57162]
01:14:19.613 [Forwarding findElement on session f66d4f005437434277d193fbb48b359c to remote] DEBUG org.asynchttpclient.netty.request.NettyRequestSender - Using pooled Channel '[id: 0x71b46359, L:/127.0.0.1:54902 - R:localhost/127.0.0.1:57162]' for 'POST' to 'http://localhost:57162/session/f66d4f005437434277d193fbb48b359c/element'
01:14:19.613 [Forwarding findElement on session f66d4f005437434277d193fbb48b359c to remote] DEBUG org.asynchttpclient.netty.request.NettyRequestSender - Using open Channel [id: 0x71b46359, L:/127.0.0.1:54902 - R:localhost/127.0.0.1:57162] for POST '/session/f66d4f005437434277d193fbb48b359c/element'
01:14:19.629 [AsyncHttpClient-1-8] DEBUG org.asynchttpclient.netty.handler.HttpHandler - 

Request DefaultHttpRequest(decodeResult: success, version: HTTP/1.1)
POST /session/f66d4f005437434277d193fbb48b359c/element HTTP/1.1
User-Agent: selenium/4.1.4 (java windows)
Content-Length: 139
Content-Type: application/json; charset=utf-8
host: localhost:57162
accept: */*

Response DefaultHttpResponse(decodeResult: success, version: HTTP/1.1)
HTTP/1.1 404 Not Found
Content-Length: 1118
Content-Type: application/json; charset=utf-8
cache-control: no-cache

01:14:19.630 [AsyncHttpClient-1-8] DEBUG org.asynchttpclient.netty.channel.ChannelManager - Adding key: http://localhost:57162 for channel [id: 0x71b46359, L:/127.0.0.1:54902 - R:localhost/127.0.0.1:57162]
01:14:19.845 [AsyncHttpClient-1-1] DEBUG org.asynchttpclient.netty.channel.DefaultChannelPool - Entry count for : http://localhost:57162 : 1
01:14:19.845 [AsyncHttpClient-1-1] DEBUG org.asynchttpclient.netty.channel.DefaultChannelPool - Entry count for : http://localhost:54907 : 1
01:14:20.140 [Forwarding findElement on session f66d4f005437434277d193fbb48b359c to remote] DEBUG org.asynchttpclient.netty.request.NettyRequestSender - Using pooled Channel '[id: 0x71b46359, L:/127.0.0.1:54902 - R:localhost/127.0.0.1:57162]' for 'POST' to 'http://localhost:57162/session/f66d4f005437434277d193fbb48b359c/element'
01:14:20.140 [Forwarding findElement on session f66d4f005437434277d193fbb48b359c to remote] DEBUG org.asynchttpclient.netty.request.NettyRequestSender - Using open Channel [id: 0x71b46359, L:/127.0.0.1:54902 - R:localhost/127.0.0.1:57162] for POST '/session/f66d4f005437434277d193fbb48b359c/element'
01:14:20.164 [AsyncHttpClient-1-8] DEBUG org.asynchttpclient.netty.handler.HttpHandler - 

Request DefaultHttpRequest(decodeResult: success, version: HTTP/1.1)
POST /session/f66d4f005437434277d193fbb48b359c/element HTTP/1.1
User-Agent: selenium/4.1.4 (java windows)
Content-Length: 139
Content-Type: application/json; charset=utf-8
host: localhost:57162
accept: */*

Response DefaultHttpResponse(decodeResult: success, version: HTTP/1.1)
HTTP/1.1 404 Not Found
Content-Length: 1118
Content-Type: application/json; charset=utf-8
cache-control: no-cache

01:14:20.164 [AsyncHttpClient-1-8] DEBUG org.asynchttpclient.netty.channel.ChannelManager - Adding key: http://localhost:57162 for channel [id: 0x71b46359, L:/127.0.0.1:54902 - R:localhost/127.0.0.1:57162]
01:14:20.682 [Forwarding findElement on session f66d4f005437434277d193fbb48b359c to remote] DEBUG org.asynchttpclient.netty.request.NettyRequestSender - Using pooled Channel '[id: 0x71b46359, L:/127.0.0.1:54902 - R:localhost/127.0.0.1:57162]' for 'POST' to 'http://localhost:57162/session/f66d4f005437434277d193fbb48b359c/element'
01:14:20.682 [Forwarding findElement on session f66d4f005437434277d193fbb48b359c to remote] DEBUG org.asynchttpclient.netty.request.NettyRequestSender - Using open Channel [id: 0x71b46359, L:/127.0.0.1:54902 - R:localhost/127.0.0.1:57162] for POST '/session/f66d4f005437434277d193fbb48b359c/element'
01:14:20.690 [AsyncHttpClient-1-8] DEBUG org.asynchttpclient.netty.handler.HttpHandler - 

Request DefaultHttpRequest(decodeResult: success, version: HTTP/1.1)
POST /session/f66d4f005437434277d193fbb48b359c/element HTTP/1.1
User-Agent: selenium/4.1.4 (java windows)
Content-Length: 139
Content-Type: application/json; charset=utf-8
host: localhost:57162
accept: */*

Response DefaultHttpResponse(decodeResult: success, version: HTTP/1.1)
HTTP/1.1 404 Not Found
Content-Length: 1118
Content-Type: application/json; charset=utf-8
cache-control: no-cache

01:14:20.690 [AsyncHttpClient-1-8] DEBUG org.asynchttpclient.netty.channel.ChannelManager - Adding key: http://localhost:57162 for channel [id: 0x71b46359, L:/127.0.0.1:54902 - R:localhost/127.0.0.1:57162]
01:14:20.939 [AsyncHttpClient-1-1] DEBUG org.asynchttpclient.netty.channel.DefaultChannelPool - Entry count for : http://localhost:57162 : 1
01:14:20.939 [AsyncHttpClient-1-1] DEBUG org.asynchttpclient.netty.channel.DefaultChannelPool - Entry count for : http://localhost:54907 : 1
01:14:21.197 [Forwarding findElement on session f66d4f005437434277d193fbb48b359c to remote] DEBUG org.asynchttpclient.netty.request.NettyRequestSender - Using pooled Channel '[id: 0x71b46359, L:/127.0.0.1:54902 - R:localhost/127.0.0.1:57162]' for 'POST' to 'http://localhost:57162/session/f66d4f005437434277d193fbb48b359c/element'
01:14:21.197 [Forwarding findElement on session f66d4f005437434277d193fbb48b359c to remote] DEBUG org.asynchttpclient.netty.request.NettyRequestSender - Using open Channel [id: 0x71b46359, L:/127.0.0.1:54902 - R:localhost/127.0.0.1:57162] for POST '/session/f66d4f005437434277d193fbb48b359c/element'
01:14:21.216 [AsyncHttpClient-1-8] DEBUG org.asynchttpclient.netty.handler.HttpHandler - 

Request DefaultHttpRequest(decodeResult: success, version: HTTP/1.1)
POST /session/f66d4f005437434277d193fbb48b359c/element HTTP/1.1
User-Agent: selenium/4.1.4 (java windows)
Content-Length: 139
Content-Type: application/json; charset=utf-8
host: localhost:57162
accept: */*

Response DefaultHttpResponse(decodeResult: success, version: HTTP/1.1)
HTTP/1.1 404 Not Found
Content-Length: 1118
Content-Type: application/json; charset=utf-8
cache-control: no-cache

01:14:21.216 [AsyncHttpClient-1-8] DEBUG org.asynchttpclient.netty.channel.ChannelManager - Adding key: http://localhost:57162 for channel [id: 0x71b46359, L:/127.0.0.1:54902 - R:localhost/127.0.0.1:57162]
01:14:21.729 [Forwarding findElement on session f66d4f005437434277d193fbb48b359c to remote] DEBUG org.asynchttpclient.netty.request.NettyRequestSender - Using pooled Channel '[id: 0x71b46359, L:/127.0.0.1:54902 - R:localhost/127.0.0.1:57162]' for 'POST' to 'http://localhost:57162/session/f66d4f005437434277d193fbb48b359c/element'
01:14:21.729 [Forwarding findElement on session f66d4f005437434277d193fbb48b359c to remote] DEBUG org.asynchttpclient.netty.request.NettyRequestSender - Using open Channel [id: 0x71b46359, L:/127.0.0.1:54902 - R:localhost/127.0.0.1:57162] for POST '/session/f66d4f005437434277d193fbb48b359c/element'
01:14:21.739 [AsyncHttpClient-1-8] DEBUG org.asynchttpclient.netty.handler.HttpHandler - 

Request DefaultHttpRequest(decodeResult: success, version: HTTP/1.1)
POST /session/f66d4f005437434277d193fbb48b359c/element HTTP/1.1
User-Agent: selenium/4.1.4 (java windows)
Content-Length: 139
Content-Type: application/json; charset=utf-8
host: localhost:57162
accept: */*

Response DefaultHttpResponse(decodeResult: success, version: HTTP/1.1)
HTTP/1.1 404 Not Found
Content-Length: 1118
Content-Type: application/json; charset=utf-8
cache-control: no-cache

01:14:21.740 [AsyncHttpClient-1-8] DEBUG org.asynchttpclient.netty.channel.ChannelManager - Adding key: http://localhost:57162 for channel [id: 0x71b46359, L:/127.0.0.1:54902 - R:localhost/127.0.0.1:57162]
01:14:22.039 [AsyncHttpClient-1-1] DEBUG org.asynchttpclient.netty.channel.DefaultChannelPool - Entry count for : http://localhost:57162 : 1
01:14:22.039 [AsyncHttpClient-1-1] DEBUG org.asynchttpclient.netty.channel.DefaultChannelPool - Entry count for : http://localhost:54907 : 1
01:14:22.253 [Forwarding findElement on session f66d4f005437434277d193fbb48b359c to remote] DEBUG org.asynchttpclient.netty.request.NettyRequestSender - Using pooled Channel '[id: 0x71b46359, L:/127.0.0.1:54902 - R:localhost/127.0.0.1:57162]' for 'POST' to 'http://localhost:57162/session/f66d4f005437434277d193fbb48b359c/element'
01:14:22.254 [Forwarding findElement on session f66d4f005437434277d193fbb48b359c to remote] DEBUG org.asynchttpclient.netty.request.NettyRequestSender - Using open Channel [id: 0x71b46359, L:/127.0.0.1:54902 - R:localhost/127.0.0.1:57162] for POST '/session/f66d4f005437434277d193fbb48b359c/element'
01:14:22.262 [AsyncHttpClient-1-8] DEBUG org.asynchttpclient.netty.handler.HttpHandler - 

Request DefaultHttpRequest(decodeResult: success, version: HTTP/1.1)
POST /session/f66d4f005437434277d193fbb48b359c/element HTTP/1.1
User-Agent: selenium/4.1.4 (java windows)
Content-Length: 139
Content-Type: application/json; charset=utf-8
host: localhost:57162
accept: */*

Response DefaultHttpResponse(decodeResult: success, version: HTTP/1.1)
HTTP/1.1 404 Not Found
Content-Length: 1118
Content-Type: application/json; charset=utf-8
cache-control: no-cache

01:14:22.262 [AsyncHttpClient-1-8] DEBUG org.asynchttpclient.netty.channel.ChannelManager - Adding key: http://localhost:57162 for channel [id: 0x71b46359, L:/127.0.0.1:54902 - R:localhost/127.0.0.1:57162]
01:14:22.767 [Forwarding findElement on session f66d4f005437434277d193fbb48b359c to remote] DEBUG org.asynchttpclient.netty.request.NettyRequestSender - Using pooled Channel '[id: 0x71b46359, L:/127.0.0.1:54902 - R:localhost/127.0.0.1:57162]' for 'POST' to 'http://localhost:57162/session/f66d4f005437434277d193fbb48b359c/element'
01:14:22.767 [Forwarding findElement on session f66d4f005437434277d193fbb48b359c to remote] DEBUG org.asynchttpclient.netty.request.NettyRequestSender - Using open Channel [id: 0x71b46359, L:/127.0.0.1:54902 - R:localhost/127.0.0.1:57162] for POST '/session/f66d4f005437434277d193fbb48b359c/element'
01:14:22.773 [AsyncHttpClient-1-8] DEBUG org.asynchttpclient.netty.handler.HttpHandler - 

Request DefaultHttpRequest(decodeResult: success, version: HTTP/1.1)
POST /session/f66d4f005437434277d193fbb48b359c/element HTTP/1.1
User-Agent: selenium/4.1.4 (java windows)
Content-Length: 139
Content-Type: application/json; charset=utf-8
host: localhost:57162
accept: */*

Response DefaultHttpResponse(decodeResult: success, version: HTTP/1.1)
HTTP/1.1 404 Not Found
Content-Length: 1118
Content-Type: application/json; charset=utf-8
cache-control: no-cache

01:14:22.773 [AsyncHttpClient-1-8] DEBUG org.asynchttpclient.netty.channel.ChannelManager - Adding key: http://localhost:57162 for channel [id: 0x71b46359, L:/127.0.0.1:54902 - R:localhost/127.0.0.1:57162]
01:14:23.142 [AsyncHttpClient-1-1] DEBUG org.asynchttpclient.netty.channel.DefaultChannelPool - Entry count for : http://localhost:57162 : 1
01:14:23.143 [AsyncHttpClient-1-1] DEBUG org.asynchttpclient.netty.channel.DefaultChannelPool - Entry count for : http://localhost:54907 : 1
01:14:23.277 [Forwarding findElement on session f66d4f005437434277d193fbb48b359c to remote] DEBUG org.asynchttpclient.netty.request.NettyRequestSender - Using pooled Channel '[id: 0x71b46359, L:/127.0.0.1:54902 - R:localhost/127.0.0.1:57162]' for 'POST' to 'http://localhost:57162/session/f66d4f005437434277d193fbb48b359c/element'
01:14:23.277 [Forwarding findElement on session f66d4f005437434277d193fbb48b359c to remote] DEBUG org.asynchttpclient.netty.request.NettyRequestSender - Using open Channel [id: 0x71b46359, L:/127.0.0.1:54902 - R:localhost/127.0.0.1:57162] for POST '/session/f66d4f005437434277d193fbb48b359c/element'
01:14:23.283 [AsyncHttpClient-1-8] DEBUG org.asynchttpclient.netty.handler.HttpHandler - 

Request DefaultHttpRequest(decodeResult: success, version: HTTP/1.1)
POST /session/f66d4f005437434277d193fbb48b359c/element HTTP/1.1
User-Agent: selenium/4.1.4 (java windows)
Content-Length: 139
Content-Type: application/json; charset=utf-8
host: localhost:57162
accept: */*

Response DefaultHttpResponse(decodeResult: success, version: HTTP/1.1)
HTTP/1.1 404 Not Found
Content-Length: 1118
Content-Type: application/json; charset=utf-8
cache-control: no-cache

01:14:23.284 [AsyncHttpClient-1-8] DEBUG org.asynchttpclient.netty.channel.ChannelManager - Adding key: http://localhost:57162 for channel [id: 0x71b46359, L:/127.0.0.1:54902 - R:localhost/127.0.0.1:57162]
01:14:23.803 [Forwarding findElement on session f66d4f005437434277d193fbb48b359c to remote] DEBUG org.asynchttpclient.netty.request.NettyRequestSender - Using pooled Channel '[id: 0x71b46359, L:/127.0.0.1:54902 - R:localhost/127.0.0.1:57162]' for 'POST' to 'http://localhost:57162/session/f66d4f005437434277d193fbb48b359c/element'
01:14:23.803 [Forwarding findElement on session f66d4f005437434277d193fbb48b359c to remote] DEBUG org.asynchttpclient.netty.request.NettyRequestSender - Using open Channel [id: 0x71b46359, L:/127.0.0.1:54902 - R:localhost/127.0.0.1:57162] for POST '/session/f66d4f005437434277d193fbb48b359c/element'
01:14:23.831 [AsyncHttpClient-1-8] DEBUG org.asynchttpclient.netty.handler.HttpHandler - 

Request DefaultHttpRequest(decodeResult: success, version: HTTP/1.1)
POST /session/f66d4f005437434277d193fbb48b359c/element HTTP/1.1
User-Agent: selenium/4.1.4 (java windows)
Content-Length: 139
Content-Type: application/json; charset=utf-8
host: localhost:57162
accept: */*

Response DefaultHttpResponse(decodeResult: success, version: HTTP/1.1)
HTTP/1.1 404 Not Found
Content-Length: 1118
Content-Type: application/json; charset=utf-8
cache-control: no-cache

01:14:23.831 [AsyncHttpClient-1-8] DEBUG org.asynchttpclient.netty.channel.ChannelManager - Adding key: http://localhost:57162 for channel [id: 0x71b46359, L:/127.0.0.1:54902 - R:localhost/127.0.0.1:57162]
01:14:24.241 [AsyncHttpClient-1-1] DEBUG org.asynchttpclient.netty.channel.DefaultChannelPool - Entry count for : http://localhost:57162 : 1
01:14:24.241 [AsyncHttpClient-1-1] DEBUG org.asynchttpclient.netty.channel.DefaultChannelPool - Entry count for : http://localhost:54907 : 1
01:14:24.335 [Forwarding findElement on session f66d4f005437434277d193fbb48b359c to remote] DEBUG org.asynchttpclient.netty.request.NettyRequestSender - Using pooled Channel '[id: 0x71b46359, L:/127.0.0.1:54902 - R:localhost/127.0.0.1:57162]' for 'POST' to 'http://localhost:57162/session/f66d4f005437434277d193fbb48b359c/element'
01:14:24.335 [Forwarding findElement on session f66d4f005437434277d193fbb48b359c to remote] DEBUG org.asynchttpclient.netty.request.NettyRequestSender - Using open Channel [id: 0x71b46359, L:/127.0.0.1:54902 - R:localhost/127.0.0.1:57162] for POST '/session/f66d4f005437434277d193fbb48b359c/element'
01:14:24.351 [AsyncHttpClient-1-8] DEBUG org.asynchttpclient.netty.handler.HttpHandler - 

Request DefaultHttpRequest(decodeResult: success, version: HTTP/1.1)
POST /session/f66d4f005437434277d193fbb48b359c/element HTTP/1.1
User-Agent: selenium/4.1.4 (java windows)
Content-Length: 139
Content-Type: application/json; charset=utf-8
host: localhost:57162
accept: */*

Response DefaultHttpResponse(decodeResult: success, version: HTTP/1.1)
HTTP/1.1 404 Not Found
Content-Length: 1118
Content-Type: application/json; charset=utf-8
cache-control: no-cache

01:14:24.351 [AsyncHttpClient-1-8] DEBUG org.asynchttpclient.netty.channel.ChannelManager - Adding key: http://localhost:57162 for channel [id: 0x71b46359, L:/127.0.0.1:54902 - R:localhost/127.0.0.1:57162]
01:14:24.868 [Forwarding findElement on session f66d4f005437434277d193fbb48b359c to remote] DEBUG org.asynchttpclient.netty.request.NettyRequestSender - Using pooled Channel '[id: 0x71b46359, L:/127.0.0.1:54902 - R:localhost/127.0.0.1:57162]' for 'POST' to 'http://localhost:57162/session/f66d4f005437434277d193fbb48b359c/element'
01:14:24.869 [Forwarding findElement on session f66d4f005437434277d193fbb48b359c to remote] DEBUG org.asynchttpclient.netty.request.NettyRequestSender - Using open Channel [id: 0x71b46359, L:/127.0.0.1:54902 - R:localhost/127.0.0.1:57162] for POST '/session/f66d4f005437434277d193fbb48b359c/element'
01:14:24.877 [AsyncHttpClient-1-8] DEBUG org.asynchttpclient.netty.handler.HttpHandler - 

Request DefaultHttpRequest(decodeResult: success, version: HTTP/1.1)
POST /session/f66d4f005437434277d193fbb48b359c/element HTTP/1.1
User-Agent: selenium/4.1.4 (java windows)
Content-Length: 139
Content-Type: application/json; charset=utf-8
host: localhost:57162
accept: */*

Response DefaultHttpResponse(decodeResult: success, version: HTTP/1.1)
HTTP/1.1 404 Not Found
Content-Length: 1118
Content-Type: application/json; charset=utf-8
cache-control: no-cache

01:14:24.877 [AsyncHttpClient-1-8] DEBUG org.asynchttpclient.netty.channel.ChannelManager - Adding key: http://localhost:57162 for channel [id: 0x71b46359, L:/127.0.0.1:54902 - R:localhost/127.0.0.1:57162]
01:14:25.339 [AsyncHttpClient-1-1] DEBUG org.asynchttpclient.netty.channel.DefaultChannelPool - Entry count for : http://localhost:57162 : 1
01:14:25.339 [AsyncHttpClient-1-1] DEBUG org.asynchttpclient.netty.channel.DefaultChannelPool - Entry count for : http://localhost:54907 : 1
01:14:25.382 [Forwarding findElement on session f66d4f005437434277d193fbb48b359c to remote] DEBUG org.asynchttpclient.netty.request.NettyRequestSender - Using pooled Channel '[id: 0x71b46359, L:/127.0.0.1:54902 - R:localhost/127.0.0.1:57162]' for 'POST' to 'http://localhost:57162/session/f66d4f005437434277d193fbb48b359c/element'
01:14:25.382 [Forwarding findElement on session f66d4f005437434277d193fbb48b359c to remote] DEBUG org.asynchttpclient.netty.request.NettyRequestSender - Using open Channel [id: 0x71b46359, L:/127.0.0.1:54902 - R:localhost/127.0.0.1:57162] for POST '/session/f66d4f005437434277d193fbb48b359c/element'
01:14:25.409 [AsyncHttpClient-1-8] DEBUG org.asynchttpclient.netty.handler.HttpHandler - 

Request DefaultHttpRequest(decodeResult: success, version: HTTP/1.1)
POST /session/f66d4f005437434277d193fbb48b359c/element HTTP/1.1
User-Agent: selenium/4.1.4 (java windows)
Content-Length: 139
Content-Type: application/json; charset=utf-8
host: localhost:57162
accept: */*

Response DefaultHttpResponse(decodeResult: success, version: HTTP/1.1)
HTTP/1.1 404 Not Found
Content-Length: 1118
Content-Type: application/json; charset=utf-8
cache-control: no-cache

01:14:25.409 [AsyncHttpClient-1-8] DEBUG org.asynchttpclient.netty.channel.ChannelManager - Adding key: http://localhost:57162 for channel [id: 0x71b46359, L:/127.0.0.1:54902 - R:localhost/127.0.0.1:57162]
01:14:25.922 [Forwarding findElement on session f66d4f005437434277d193fbb48b359c to remote] DEBUG org.asynchttpclient.netty.request.NettyRequestSender - Using pooled Channel '[id: 0x71b46359, L:/127.0.0.1:54902 - R:localhost/127.0.0.1:57162]' for 'POST' to 'http://localhost:57162/session/f66d4f005437434277d193fbb48b359c/element'
01:14:25.922 [Forwarding findElement on session f66d4f005437434277d193fbb48b359c to remote] DEBUG org.asynchttpclient.netty.request.NettyRequestSender - Using open Channel [id: 0x71b46359, L:/127.0.0.1:54902 - R:localhost/127.0.0.1:57162] for POST '/session/f66d4f005437434277d193fbb48b359c/element'
01:14:25.946 [AsyncHttpClient-1-8] DEBUG org.asynchttpclient.netty.handler.HttpHandler - 

Request DefaultHttpRequest(decodeResult: success, version: HTTP/1.1)
POST /session/f66d4f005437434277d193fbb48b359c/element HTTP/1.1
User-Agent: selenium/4.1.4 (java windows)
Content-Length: 139
Content-Type: application/json; charset=utf-8
host: localhost:57162
accept: */*

Response DefaultHttpResponse(decodeResult: success, version: HTTP/1.1)
HTTP/1.1 404 Not Found
Content-Length: 1118
Content-Type: application/json; charset=utf-8
cache-control: no-cache

01:14:25.946 [AsyncHttpClient-1-8] DEBUG org.asynchttpclient.netty.channel.ChannelManager - Adding key: http://localhost:57162 for channel [id: 0x71b46359, L:/127.0.0.1:54902 - R:localhost/127.0.0.1:57162]
01:14:26.438 [AsyncHttpClient-1-1] DEBUG org.asynchttpclient.netty.channel.DefaultChannelPool - Entry count for : http://localhost:57162 : 1
01:14:26.438 [AsyncHttpClient-1-1] DEBUG org.asynchttpclient.netty.channel.DefaultChannelPool - Entry count for : http://localhost:54907 : 1
01:14:26.454 [Forwarding findElement on session f66d4f005437434277d193fbb48b359c to remote] DEBUG org.asynchttpclient.netty.request.NettyRequestSender - Using pooled Channel '[id: 0x71b46359, L:/127.0.0.1:54902 - R:localhost/127.0.0.1:57162]' for 'POST' to 'http://localhost:57162/session/f66d4f005437434277d193fbb48b359c/element'
01:14:26.454 [Forwarding findElement on session f66d4f005437434277d193fbb48b359c to remote] DEBUG org.asynchttpclient.netty.request.NettyRequestSender - Using open Channel [id: 0x71b46359, L:/127.0.0.1:54902 - R:localhost/127.0.0.1:57162] for POST '/session/f66d4f005437434277d193fbb48b359c/element'
01:14:26.478 [AsyncHttpClient-1-8] DEBUG org.asynchttpclient.netty.handler.HttpHandler - 

Request DefaultHttpRequest(decodeResult: success, version: HTTP/1.1)
POST /session/f66d4f005437434277d193fbb48b359c/element HTTP/1.1
User-Agent: selenium/4.1.4 (java windows)
Content-Length: 139
Content-Type: application/json; charset=utf-8
host: localhost:57162
accept: */*

Response DefaultHttpResponse(decodeResult: success, version: HTTP/1.1)
HTTP/1.1 404 Not Found
Content-Length: 1118
Content-Type: application/json; charset=utf-8
cache-control: no-cache

01:14:26.479 [AsyncHttpClient-1-8] DEBUG org.asynchttpclient.netty.channel.ChannelManager - Adding key: http://localhost:57162 for channel [id: 0x71b46359, L:/127.0.0.1:54902 - R:localhost/127.0.0.1:57162]
01:14:26.998 [Forwarding findElement on session f66d4f005437434277d193fbb48b359c to remote] DEBUG org.asynchttpclient.netty.request.NettyRequestSender - Using pooled Channel '[id: 0x71b46359, L:/127.0.0.1:54902 - R:localhost/127.0.0.1:57162]' for 'POST' to 'http://localhost:57162/session/f66d4f005437434277d193fbb48b359c/element'
01:14:26.998 [Forwarding findElement on session f66d4f005437434277d193fbb48b359c to remote] DEBUG org.asynchttpclient.netty.request.NettyRequestSender - Using open Channel [id: 0x71b46359, L:/127.0.0.1:54902 - R:localhost/127.0.0.1:57162] for POST '/session/f66d4f005437434277d193fbb48b359c/element'
01:14:27.024 [AsyncHttpClient-1-8] DEBUG org.asynchttpclient.netty.handler.HttpHandler - 

Request DefaultHttpRequest(decodeResult: success, version: HTTP/1.1)
POST /session/f66d4f005437434277d193fbb48b359c/element HTTP/1.1
User-Agent: selenium/4.1.4 (java windows)
Content-Length: 139
Content-Type: application/json; charset=utf-8
host: localhost:57162
accept: */*

Response DefaultHttpResponse(decodeResult: success, version: HTTP/1.1)
HTTP/1.1 404 Not Found
Content-Length: 1118
Content-Type: application/json; charset=utf-8
cache-control: no-cache

01:14:27.025 [AsyncHttpClient-1-8] DEBUG org.asynchttpclient.netty.channel.ChannelManager - Adding key: http://localhost:57162 for channel [id: 0x71b46359, L:/127.0.0.1:54902 - R:localhost/127.0.0.1:57162]
01:14:27.036 [AsyncHttpClient-1-2] DEBUG org.asynchttpclient.netty.handler.WebSocketHandler - Channel Closed: [id: 0x9ef009cc, L:/127.0.0.1:54921 ! R:localhost/127.0.0.1:54907] with attribute DISCARD
01:14:27.038 [Driver Command Executor] DEBUG org.asynchttpclient.netty.request.NettyRequestSender - Using pooled Channel '[id: 0x71b46359, L:/127.0.0.1:54902 - R:localhost/127.0.0.1:57162]' for 'DELETE' to 'http://localhost:57162/session/f66d4f005437434277d193fbb48b359c'
01:14:27.038 [Driver Command Executor] DEBUG org.asynchttpclient.netty.request.NettyRequestSender - Using open Channel [id: 0x71b46359, L:/127.0.0.1:54902 - R:localhost/127.0.0.1:57162] for DELETE '/session/f66d4f005437434277d193fbb48b359c'
01:14:27.102 [AsyncHttpClient-1-9] DEBUG org.asynchttpclient.netty.handler.HttpHandler - Channel Closed: [id: 0x578661f3, L:/127.0.0.1:54920 ! R:localhost/127.0.0.1:54907] with attribute DISCARD
01:14:27.283 [AsyncHttpClient-1-8] DEBUG org.asynchttpclient.netty.handler.HttpHandler - 

Request DefaultFullHttpRequest(decodeResult: success, version: HTTP/1.1, content: EmptyByteBufBE)
DELETE /session/f66d4f005437434277d193fbb48b359c HTTP/1.1
User-Agent: selenium/4.1.4 (java windows)
Content-Type: application/json; charset=utf-8
host: localhost:57162
accept: */*

Response DefaultHttpResponse(decodeResult: success, version: HTTP/1.1)
HTTP/1.1 200 OK
Content-Length: 14
Content-Type: application/json; charset=utf-8
cache-control: no-cache

01:14:27.283 [AsyncHttpClient-1-8] DEBUG org.asynchttpclient.netty.channel.ChannelManager - Adding key: http://localhost:57162 for channel [id: 0x71b46359, L:/127.0.0.1:54902 - R:localhost/127.0.0.1:57162]
01:14:27.314 [AsyncHttpClient-1-8] DEBUG org.asynchttpclient.netty.handler.HttpHandler - Channel Closed: [id: 0x71b46359, L:/127.0.0.1:54902 ! R:localhost/127.0.0.1:57162] with attribute DISCARD
]]></system-out>
    <system-err><![CDATA[Starting ChromeDriver 134.0.6998.165 (fd886e2cb29dd984c13deec032832dee68d8abe3-refs/branch-heads/6998@{#2122}) on port 57162
Only local connections are allowed.
Please see https://chromedriver.chromium.org/security-considerations for suggestions on keeping ChromeDriver safe.
ChromeDriver was started successfully on port 57162.
Mar 25, 2025 1:14:11 A.M. org.openqa.selenium.remote.ProtocolHandshake createSession
INFO: Detected dialect: W3C
Mar 25, 2025 1:14:11 A.M. org.openqa.selenium.devtools.CdpVersionFinder findNearestMatch
WARNING: Unable to find an exact match for CDP version 134, so returning the closest version found: a no-op implementation
Mar 25, 2025 1:14:11 A.M. org.openqa.selenium.devtools.CdpVersionFinder findNearestMatch
INFO: Unable to find CDP implementation matching 134.
Mar 25, 2025 1:14:11 A.M. org.openqa.selenium.chromium.ChromiumDriver lambda$new$3
WARNING: Unable to find version of CDP to use for . You may need to include a dependency on a specific version of the CDP using something similar to `org.seleniumhq.selenium:selenium-devtools-v86:4.1.4` where the version ("v86") matches the version of the chromium-based browser you're using and the version number of the artifact is the same as Selenium's.
]]></system-err>
  </testcase>
</testsuite>